

Started GET "/" for ::1 at 2015-06-09 11:08:33 -0700

ActiveRecord::NoDatabaseError (FATAL:  database "Traverse_development" does not exist
):
  activerecord (4.2.1) lib/active_record/connection_adapters/postgresql_adapter.rb:661:in `rescue in connect'
  activerecord (4.2.1) lib/active_record/connection_adapters/postgresql_adapter.rb:651:in `connect'
  activerecord (4.2.1) lib/active_record/connection_adapters/postgresql_adapter.rb:242:in `initialize'
  activerecord (4.2.1) lib/active_record/connection_adapters/postgresql_adapter.rb:44:in `new'
  activerecord (4.2.1) lib/active_record/connection_adapters/postgresql_adapter.rb:44:in `postgresql_connection'
  activerecord (4.2.1) lib/active_record/connection_adapters/abstract/connection_pool.rb:438:in `new_connection'
  activerecord (4.2.1) lib/active_record/connection_adapters/abstract/connection_pool.rb:448:in `checkout_new_connection'
  activerecord (4.2.1) lib/active_record/connection_adapters/abstract/connection_pool.rb:422:in `acquire_connection'
  activerecord (4.2.1) lib/active_record/connection_adapters/abstract/connection_pool.rb:349:in `block in checkout'
  /Users/appacademy/.rbenv/versions/2.1.2/lib/ruby/2.1.0/monitor.rb:211:in `mon_synchronize'
  activerecord (4.2.1) lib/active_record/connection_adapters/abstract/connection_pool.rb:348:in `checkout'
  activerecord (4.2.1) lib/active_record/connection_adapters/abstract/connection_pool.rb:263:in `block in connection'
  /Users/appacademy/.rbenv/versions/2.1.2/lib/ruby/2.1.0/monitor.rb:211:in `mon_synchronize'
  activerecord (4.2.1) lib/active_record/connection_adapters/abstract/connection_pool.rb:262:in `connection'
  activerecord (4.2.1) lib/active_record/connection_adapters/abstract/connection_pool.rb:567:in `retrieve_connection'
  activerecord (4.2.1) lib/active_record/connection_handling.rb:113:in `retrieve_connection'
  activerecord (4.2.1) lib/active_record/connection_handling.rb:87:in `connection'
  activerecord (4.2.1) lib/active_record/migration.rb:384:in `connection'
  activerecord (4.2.1) lib/active_record/migration.rb:371:in `call'
  actionpack (4.2.1) lib/action_dispatch/middleware/callbacks.rb:29:in `block in call'
  activesupport (4.2.1) lib/active_support/callbacks.rb:88:in `call'
  activesupport (4.2.1) lib/active_support/callbacks.rb:88:in `_run_callbacks'
  activesupport (4.2.1) lib/active_support/callbacks.rb:776:in `_run_call_callbacks'
  activesupport (4.2.1) lib/active_support/callbacks.rb:81:in `run_callbacks'
  actionpack (4.2.1) lib/action_dispatch/middleware/callbacks.rb:27:in `call'
  actionpack (4.2.1) lib/action_dispatch/middleware/reloader.rb:73:in `call'
  actionpack (4.2.1) lib/action_dispatch/middleware/remote_ip.rb:78:in `call'
  actionpack (4.2.1) lib/action_dispatch/middleware/debug_exceptions.rb:17:in `call'
  web-console (2.1.2) lib/web_console/middleware.rb:37:in `call'
  actionpack (4.2.1) lib/action_dispatch/middleware/show_exceptions.rb:30:in `call'
  railties (4.2.1) lib/rails/rack/logger.rb:38:in `call_app'
  railties (4.2.1) lib/rails/rack/logger.rb:20:in `block in call'
  activesupport (4.2.1) lib/active_support/tagged_logging.rb:68:in `block in tagged'
  activesupport (4.2.1) lib/active_support/tagged_logging.rb:26:in `tagged'
  activesupport (4.2.1) lib/active_support/tagged_logging.rb:68:in `tagged'
  railties (4.2.1) lib/rails/rack/logger.rb:20:in `call'
  actionpack (4.2.1) lib/action_dispatch/middleware/request_id.rb:21:in `call'
  rack (1.6.1) lib/rack/methodoverride.rb:22:in `call'
  rack (1.6.1) lib/rack/runtime.rb:18:in `call'
  activesupport (4.2.1) lib/active_support/cache/strategy/local_cache_middleware.rb:28:in `call'
  rack (1.6.1) lib/rack/lock.rb:17:in `call'
  actionpack (4.2.1) lib/action_dispatch/middleware/static.rb:113:in `call'
  rack (1.6.1) lib/rack/sendfile.rb:113:in `call'
  railties (4.2.1) lib/rails/engine.rb:518:in `call'
  railties (4.2.1) lib/rails/application.rb:164:in `call'
  rack (1.6.1) lib/rack/lock.rb:17:in `call'
  rack (1.6.1) lib/rack/content_length.rb:15:in `call'
  rack (1.6.1) lib/rack/handler/webrick.rb:89:in `service'
  /Users/appacademy/.rbenv/versions/2.1.2/lib/ruby/2.1.0/webrick/httpserver.rb:138:in `service'
  /Users/appacademy/.rbenv/versions/2.1.2/lib/ruby/2.1.0/webrick/httpserver.rb:94:in `run'
  /Users/appacademy/.rbenv/versions/2.1.2/lib/ruby/2.1.0/webrick/server.rb:295:in `block in start_thread'


  Rendered /Users/appacademy/.rbenv/versions/2.1.2/lib/ruby/gems/2.1.0/gems/actionpack-4.2.1/lib/action_dispatch/middleware/templates/rescues/_source.erb (4.3ms)
  Rendered /Users/appacademy/.rbenv/versions/2.1.2/lib/ruby/gems/2.1.0/gems/actionpack-4.2.1/lib/action_dispatch/middleware/templates/rescues/_trace.html.erb (2.5ms)
  Rendered /Users/appacademy/.rbenv/versions/2.1.2/lib/ruby/gems/2.1.0/gems/actionpack-4.2.1/lib/action_dispatch/middleware/templates/rescues/_request_and_response.html.erb (1.0ms)
  Rendered /Users/appacademy/.rbenv/versions/2.1.2/lib/ruby/gems/2.1.0/gems/actionpack-4.2.1/lib/action_dispatch/middleware/templates/rescues/diagnostics.html.erb within rescues/layout (28.2ms)
  Rendered /Users/appacademy/.rbenv/versions/2.1.2/lib/ruby/gems/2.1.0/gems/web-console-2.1.2/lib/web_console/templates/_markup.html.erb (0.4ms)
  Rendered /Users/appacademy/.rbenv/versions/2.1.2/lib/ruby/gems/2.1.0/gems/web-console-2.1.2/lib/web_console/templates/style.css.erb within layouts/inlined_string (0.8ms)
  Rendered /Users/appacademy/.rbenv/versions/2.1.2/lib/ruby/gems/2.1.0/gems/web-console-2.1.2/lib/web_console/templates/_inner_console_markup.html.erb within layouts/inlined_string (0.5ms)
  Rendered /Users/appacademy/.rbenv/versions/2.1.2/lib/ruby/gems/2.1.0/gems/web-console-2.1.2/lib/web_console/templates/_prompt_box_markup.html.erb within layouts/inlined_string (0.3ms)
  Rendered /Users/appacademy/.rbenv/versions/2.1.2/lib/ruby/gems/2.1.0/gems/web-console-2.1.2/lib/web_console/templates/console.js.erb within layouts/javascript (31.4ms)
  Rendered /Users/appacademy/.rbenv/versions/2.1.2/lib/ruby/gems/2.1.0/gems/web-console-2.1.2/lib/web_console/templates/main.js.erb within layouts/javascript (0.4ms)
  Rendered /Users/appacademy/.rbenv/versions/2.1.2/lib/ruby/gems/2.1.0/gems/web-console-2.1.2/lib/web_console/templates/error_page.js.erb within layouts/javascript (0.5ms)
  Rendered /Users/appacademy/.rbenv/versions/2.1.2/lib/ruby/gems/2.1.0/gems/web-console-2.1.2/lib/web_console/templates/index.html.erb (71.3ms)
  [1m[36m (23.4ms)[0m  [1mCREATE TABLE "schema_migrations" ("version" character varying NOT NULL) [0m
  [1m[35m (1.8ms)[0m  CREATE UNIQUE INDEX  "unique_schema_migrations" ON "schema_migrations"  ("version")
  [1m[36mActiveRecord::SchemaMigration Load (0.5ms)[0m  [1mSELECT "schema_migrations".* FROM "schema_migrations"[0m
Migrating to CreateUsers (20150609180926)
  [1m[35m (0.5ms)[0m  BEGIN
  [1m[36m (6.2ms)[0m  [1mCREATE TABLE "users" ("id" serial primary key, "email" character varying NOT NULL, "password_digest" character varying NOT NULL, "session_digest" character varying NOT NULL, "created_at" timestamp NOT NULL, "updated_at" timestamp NOT NULL) [0m
  [1m[35m (1.2ms)[0m  CREATE UNIQUE INDEX  "index_users_on_email" ON "users"  ("email")
  [1m[36m (1.1ms)[0m  [1mCREATE  INDEX  "index_users_on_password_digest" ON "users"  ("password_digest")[0m
  [1m[35m (1.0ms)[0m  CREATE UNIQUE INDEX  "index_users_on_session_digest" ON "users"  ("session_digest")
  [1m[36mSQL (0.7ms)[0m  [1mINSERT INTO "schema_migrations" ("version") VALUES ($1)[0m  [["version", "20150609180926"]]
  [1m[35m (1.0ms)[0m  COMMIT
Migrating to CreateProfiles (20150609180955)
  [1m[36m (0.6ms)[0m  [1mBEGIN[0m
  [1m[35m (3.8ms)[0m  CREATE TABLE "profiles" ("id" serial primary key, "created_at" timestamp NOT NULL, "updated_at" timestamp NOT NULL) 
  [1m[36mSQL (13.8ms)[0m  [1mINSERT INTO "schema_migrations" ("version") VALUES ($1)[0m  [["version", "20150609180955"]]
  [1m[35m (0.6ms)[0m  COMMIT
Migrating to CreateTrips (20150609181006)
  [1m[36m (0.3ms)[0m  [1mBEGIN[0m
  [1m[35m (3.7ms)[0m  CREATE TABLE "trips" ("id" serial primary key, "created_at" timestamp NOT NULL, "updated_at" timestamp NOT NULL) 
  [1m[36mSQL (0.2ms)[0m  [1mINSERT INTO "schema_migrations" ("version") VALUES ($1)[0m  [["version", "20150609181006"]]
  [1m[35m (0.5ms)[0m  COMMIT
Migrating to CreateMeetRequests (20150609181032)
  [1m[36m (0.2ms)[0m  [1mBEGIN[0m
  [1m[35m (2.7ms)[0m  CREATE TABLE "meet_requests" ("id" serial primary key) 
  [1m[36mSQL (0.2ms)[0m  [1mINSERT INTO "schema_migrations" ("version") VALUES ($1)[0m  [["version", "20150609181032"]]
  [1m[35m (0.7ms)[0m  COMMIT
  [1m[36mActiveRecord::SchemaMigration Load (0.4ms)[0m  [1mSELECT "schema_migrations".* FROM "schema_migrations"[0m
  [1m[35m (4.4ms)[0m  SELECT t2.oid::regclass::text AS to_table, a1.attname AS column, a2.attname AS primary_key, c.conname AS name, c.confupdtype AS on_update, c.confdeltype AS on_delete
FROM pg_constraint c
JOIN pg_class t1 ON c.conrelid = t1.oid
JOIN pg_class t2 ON c.confrelid = t2.oid
JOIN pg_attribute a1 ON a1.attnum = c.conkey[1] AND a1.attrelid = t1.oid
JOIN pg_attribute a2 ON a2.attnum = c.confkey[1] AND a2.attrelid = t2.oid
JOIN pg_namespace t3 ON c.connamespace = t3.oid
WHERE c.contype = 'f'
  AND t1.relname = 'meet_requests'
  AND t3.nspname = ANY (current_schemas(false))
ORDER BY c.conname

  [1m[36m (3.6ms)[0m  [1mSELECT t2.oid::regclass::text AS to_table, a1.attname AS column, a2.attname AS primary_key, c.conname AS name, c.confupdtype AS on_update, c.confdeltype AS on_delete
FROM pg_constraint c
JOIN pg_class t1 ON c.conrelid = t1.oid
JOIN pg_class t2 ON c.confrelid = t2.oid
JOIN pg_attribute a1 ON a1.attnum = c.conkey[1] AND a1.attrelid = t1.oid
JOIN pg_attribute a2 ON a2.attnum = c.confkey[1] AND a2.attrelid = t2.oid
JOIN pg_namespace t3 ON c.connamespace = t3.oid
WHERE c.contype = 'f'
  AND t1.relname = 'profiles'
  AND t3.nspname = ANY (current_schemas(false))
ORDER BY c.conname
[0m
  [1m[35m (3.6ms)[0m  SELECT t2.oid::regclass::text AS to_table, a1.attname AS column, a2.attname AS primary_key, c.conname AS name, c.confupdtype AS on_update, c.confdeltype AS on_delete
FROM pg_constraint c
JOIN pg_class t1 ON c.conrelid = t1.oid
JOIN pg_class t2 ON c.confrelid = t2.oid
JOIN pg_attribute a1 ON a1.attnum = c.conkey[1] AND a1.attrelid = t1.oid
JOIN pg_attribute a2 ON a2.attnum = c.confkey[1] AND a2.attrelid = t2.oid
JOIN pg_namespace t3 ON c.connamespace = t3.oid
WHERE c.contype = 'f'
  AND t1.relname = 'trips'
  AND t3.nspname = ANY (current_schemas(false))
ORDER BY c.conname

  [1m[36m (3.6ms)[0m  [1mSELECT t2.oid::regclass::text AS to_table, a1.attname AS column, a2.attname AS primary_key, c.conname AS name, c.confupdtype AS on_update, c.confdeltype AS on_delete
FROM pg_constraint c
JOIN pg_class t1 ON c.conrelid = t1.oid
JOIN pg_class t2 ON c.confrelid = t2.oid
JOIN pg_attribute a1 ON a1.attnum = c.conkey[1] AND a1.attrelid = t1.oid
JOIN pg_attribute a2 ON a2.attnum = c.confkey[1] AND a2.attrelid = t2.oid
JOIN pg_namespace t3 ON c.connamespace = t3.oid
WHERE c.contype = 'f'
  AND t1.relname = 'users'
  AND t3.nspname = ANY (current_schemas(false))
ORDER BY c.conname
[0m
  [1m[36mActiveRecord::SchemaMigration Load (0.7ms)[0m  [1mSELECT "schema_migrations".* FROM "schema_migrations"[0m
  [1m[35mActiveRecord::SchemaMigration Load (0.4ms)[0m  SELECT "schema_migrations".* FROM "schema_migrations"
Migrating to CreateMeetRequests (20150609181032)
  [1m[36m (0.2ms)[0m  [1mBEGIN[0m
  [1m[35m (20.3ms)[0m  DROP TABLE "meet_requests"
  [1m[36mSQL (0.5ms)[0m  [1mDELETE FROM "schema_migrations" WHERE "schema_migrations"."version" = $1[0m  [["version", "20150609181032"]]
  [1m[35m (1.4ms)[0m  COMMIT
Migrating to CreateTrips (20150609181006)
  [1m[36m (0.2ms)[0m  [1mBEGIN[0m
  [1m[35m (1.3ms)[0m  DROP TABLE "trips"
  [1m[36mSQL (0.3ms)[0m  [1mDELETE FROM "schema_migrations" WHERE "schema_migrations"."version" = $1[0m  [["version", "20150609181006"]]
  [1m[35m (2.5ms)[0m  COMMIT
Migrating to CreateProfiles (20150609180955)
  [1m[36m (0.2ms)[0m  [1mBEGIN[0m
  [1m[35m (1.1ms)[0m  DROP TABLE "profiles"
  [1m[36mSQL (0.4ms)[0m  [1mDELETE FROM "schema_migrations" WHERE "schema_migrations"."version" = $1[0m  [["version", "20150609180955"]]
  [1m[35m (1.0ms)[0m  COMMIT
Migrating to CreateUsers (20150609180926)
  [1m[36m (0.2ms)[0m  [1mBEGIN[0m
  [1m[35m (0.5ms)[0m  DROP INDEX "index_users_on_session_digest"
  [1m[36m (0.5ms)[0m  [1mDROP INDEX "index_users_on_password_digest"[0m
  [1m[35m (0.4ms)[0m  DROP INDEX "index_users_on_email"
  [1m[36m (1.4ms)[0m  [1mDROP TABLE "users"[0m
  [1m[35mSQL (0.3ms)[0m  DELETE FROM "schema_migrations" WHERE "schema_migrations"."version" = $1  [["version", "20150609180926"]]
  [1m[36m (1.4ms)[0m  [1mCOMMIT[0m
  [1m[35mActiveRecord::SchemaMigration Load (0.3ms)[0m  SELECT "schema_migrations".* FROM "schema_migrations"
  [1m[36mActiveRecord::SchemaMigration Load (0.9ms)[0m  [1mSELECT "schema_migrations".* FROM "schema_migrations"[0m
  [1m[35mActiveRecord::SchemaMigration Load (0.2ms)[0m  SELECT "schema_migrations".* FROM "schema_migrations"
  [1m[36mActiveRecord::SchemaMigration Load (0.6ms)[0m  [1mSELECT "schema_migrations".* FROM "schema_migrations"[0m
Migrating to CreateUsers (20150609180926)
  [1m[35m (0.1ms)[0m  BEGIN
  [1m[36m (20.8ms)[0m  [1mCREATE TABLE "users" ("id" serial primary key, "email" character varying NOT NULL, "password_digest" character varying NOT NULL, "session_digest" character varying NOT NULL, "created_at" timestamp NOT NULL, "updated_at" timestamp NOT NULL) [0m
  [1m[35m (1.6ms)[0m  CREATE UNIQUE INDEX  "index_users_on_email" ON "users"  ("email")
  [1m[36m (1.3ms)[0m  [1mCREATE  INDEX  "index_users_on_password_digest" ON "users"  ("password_digest")[0m
  [1m[35m (1.1ms)[0m  CREATE UNIQUE INDEX  "index_users_on_session_digest" ON "users"  ("session_digest")
  [1m[36mSQL (0.5ms)[0m  [1mINSERT INTO "schema_migrations" ("version") VALUES ($1)[0m  [["version", "20150609180926"]]
  [1m[35m (0.7ms)[0m  COMMIT
Migrating to CreateProfiles (20150609180955)
  [1m[36mActiveRecord::SchemaMigration Load (0.5ms)[0m  [1mSELECT "schema_migrations".* FROM "schema_migrations"[0m
Migrating to CreateProfiles (20150609180955)
  [1m[35m (0.2ms)[0m  BEGIN
  [1m[36m (6.1ms)[0m  [1mCREATE TABLE "profiles" ("id" serial primary key, "fname" character varying NOT NULL, "lname" character varying NOT NULL, "about_blurb" text, "story_blurb" text, "travel_blurb" text, "image_url" character varying NOT NULL, "created_at" timestamp NOT NULL, "updated_at" timestamp NOT NULL) [0m
  [1m[35m (1.4ms)[0m  CREATE  INDEX  "index_profiles_on_fname" ON "profiles"  ("fname")
  [1m[36m (1.1ms)[0m  [1mCREATE  INDEX  "index_profiles_on_lname" ON "profiles"  ("lname")[0m
  [1m[35mSQL (0.4ms)[0m  INSERT INTO "schema_migrations" ("version") VALUES ($1)  [["version", "20150609180955"]]
  [1m[36m (0.5ms)[0m  [1mCOMMIT[0m
Migrating to CreateTrips (20150609181006)
  [1m[35m (0.5ms)[0m  BEGIN
  [1m[36m (11.8ms)[0m  [1mCREATE TABLE "trips" ("id" serial primary key, "owner_id" character varying NOT NULL, "from_city_zip" character varying NOT NULL, "to_city_zip" character varying NOT NULL, "start_date" date NOT NULL, "end_date" date NOT NULL, "created_at" timestamp NOT NULL, "updated_at" timestamp NOT NULL) [0m
  [1m[35m (1.1ms)[0m  CREATE  INDEX  "index_trips_on_owner_id" ON "trips"  ("owner_id")
  [1m[36m (1.0ms)[0m  [1mCREATE  INDEX  "index_trips_on_from_city_zip" ON "trips"  ("from_city_zip")[0m
  [1m[35m (1.1ms)[0m  CREATE  INDEX  "index_trips_on_to_city_zip" ON "trips"  ("to_city_zip")
  [1m[36m (1.1ms)[0m  [1mCREATE  INDEX  "index_trips_on_start_date" ON "trips"  ("start_date")[0m
  [1m[35m (1.0ms)[0m  CREATE  INDEX  "index_trips_on_end_date" ON "trips"  ("end_date")
  [1m[36mSQL (0.2ms)[0m  [1mINSERT INTO "schema_migrations" ("version") VALUES ($1)[0m  [["version", "20150609181006"]]
  [1m[35m (0.6ms)[0m  COMMIT
Migrating to CreateMeetRequests (20150609181032)
  [1m[36m (0.4ms)[0m  [1mBEGIN[0m
  [1m[35m (2.6ms)[0m  CREATE TABLE "meet_requests" ("id" serial primary key) 
  [1m[36mSQL (0.2ms)[0m  [1mINSERT INTO "schema_migrations" ("version") VALUES ($1)[0m  [["version", "20150609181032"]]
  [1m[35m (0.4ms)[0m  COMMIT
  [1m[36mActiveRecord::SchemaMigration Load (0.2ms)[0m  [1mSELECT "schema_migrations".* FROM "schema_migrations"[0m
  [1m[35m (4.7ms)[0m  SELECT t2.oid::regclass::text AS to_table, a1.attname AS column, a2.attname AS primary_key, c.conname AS name, c.confupdtype AS on_update, c.confdeltype AS on_delete
FROM pg_constraint c
JOIN pg_class t1 ON c.conrelid = t1.oid
JOIN pg_class t2 ON c.confrelid = t2.oid
JOIN pg_attribute a1 ON a1.attnum = c.conkey[1] AND a1.attrelid = t1.oid
JOIN pg_attribute a2 ON a2.attnum = c.confkey[1] AND a2.attrelid = t2.oid
JOIN pg_namespace t3 ON c.connamespace = t3.oid
WHERE c.contype = 'f'
  AND t1.relname = 'meet_requests'
  AND t3.nspname = ANY (current_schemas(false))
ORDER BY c.conname

  [1m[36m (3.9ms)[0m  [1mSELECT t2.oid::regclass::text AS to_table, a1.attname AS column, a2.attname AS primary_key, c.conname AS name, c.confupdtype AS on_update, c.confdeltype AS on_delete
FROM pg_constraint c
JOIN pg_class t1 ON c.conrelid = t1.oid
JOIN pg_class t2 ON c.confrelid = t2.oid
JOIN pg_attribute a1 ON a1.attnum = c.conkey[1] AND a1.attrelid = t1.oid
JOIN pg_attribute a2 ON a2.attnum = c.confkey[1] AND a2.attrelid = t2.oid
JOIN pg_namespace t3 ON c.connamespace = t3.oid
WHERE c.contype = 'f'
  AND t1.relname = 'profiles'
  AND t3.nspname = ANY (current_schemas(false))
ORDER BY c.conname
[0m
  [1m[35m (3.7ms)[0m  SELECT t2.oid::regclass::text AS to_table, a1.attname AS column, a2.attname AS primary_key, c.conname AS name, c.confupdtype AS on_update, c.confdeltype AS on_delete
FROM pg_constraint c
JOIN pg_class t1 ON c.conrelid = t1.oid
JOIN pg_class t2 ON c.confrelid = t2.oid
JOIN pg_attribute a1 ON a1.attnum = c.conkey[1] AND a1.attrelid = t1.oid
JOIN pg_attribute a2 ON a2.attnum = c.confkey[1] AND a2.attrelid = t2.oid
JOIN pg_namespace t3 ON c.connamespace = t3.oid
WHERE c.contype = 'f'
  AND t1.relname = 'trips'
  AND t3.nspname = ANY (current_schemas(false))
ORDER BY c.conname

  [1m[36m (3.6ms)[0m  [1mSELECT t2.oid::regclass::text AS to_table, a1.attname AS column, a2.attname AS primary_key, c.conname AS name, c.confupdtype AS on_update, c.confdeltype AS on_delete
FROM pg_constraint c
JOIN pg_class t1 ON c.conrelid = t1.oid
JOIN pg_class t2 ON c.confrelid = t2.oid
JOIN pg_attribute a1 ON a1.attnum = c.conkey[1] AND a1.attrelid = t1.oid
JOIN pg_attribute a2 ON a2.attnum = c.confkey[1] AND a2.attrelid = t2.oid
JOIN pg_namespace t3 ON c.connamespace = t3.oid
WHERE c.contype = 'f'
  AND t1.relname = 'users'
  AND t3.nspname = ANY (current_schemas(false))
ORDER BY c.conname
[0m
  [1m[36mActiveRecord::SchemaMigration Load (0.5ms)[0m  [1mSELECT "schema_migrations".* FROM "schema_migrations"[0m
  [1m[35mActiveRecord::SchemaMigration Load (0.3ms)[0m  SELECT "schema_migrations".* FROM "schema_migrations"
Migrating to CreateMeetRequests (20150609181032)
  [1m[36m (0.1ms)[0m  [1mBEGIN[0m
  [1m[35m (2.0ms)[0m  DROP TABLE "meet_requests"
  [1m[36mSQL (0.9ms)[0m  [1mDELETE FROM "schema_migrations" WHERE "schema_migrations"."version" = $1[0m  [["version", "20150609181032"]]
  [1m[35m (1.9ms)[0m  COMMIT
Migrating to CreateTrips (20150609181006)
  [1m[36m (0.3ms)[0m  [1mBEGIN[0m
  [1m[35m (0.5ms)[0m  DROP INDEX "index_trips_on_end_date"
  [1m[36m (0.4ms)[0m  [1mDROP INDEX "index_trips_on_start_date"[0m
  [1m[35m (0.4ms)[0m  DROP INDEX "index_trips_on_to_city_zip"
  [1m[36m (0.4ms)[0m  [1mDROP INDEX "index_trips_on_from_city_zip"[0m
  [1m[35m (0.3ms)[0m  DROP INDEX "index_trips_on_owner_id"
  [1m[36m (1.5ms)[0m  [1mDROP TABLE "trips"[0m
  [1m[35mSQL (0.3ms)[0m  DELETE FROM "schema_migrations" WHERE "schema_migrations"."version" = $1  [["version", "20150609181006"]]
  [1m[36m (1.6ms)[0m  [1mCOMMIT[0m
Migrating to CreateProfiles (20150609180955)
  [1m[35m (0.4ms)[0m  BEGIN
  [1m[36m (0.6ms)[0m  [1mDROP INDEX "index_profiles_on_lname"[0m
  [1m[35m (0.4ms)[0m  DROP INDEX "index_profiles_on_fname"
  [1m[36m (2.2ms)[0m  [1mDROP TABLE "profiles"[0m
  [1m[35mSQL (0.4ms)[0m  DELETE FROM "schema_migrations" WHERE "schema_migrations"."version" = $1  [["version", "20150609180955"]]
  [1m[36m (1.3ms)[0m  [1mCOMMIT[0m
Migrating to CreateUsers (20150609180926)
  [1m[35m (0.4ms)[0m  BEGIN
  [1m[36m (0.4ms)[0m  [1mDROP INDEX "index_users_on_session_digest"[0m
  [1m[35m (0.4ms)[0m  DROP INDEX "index_users_on_password_digest"
  [1m[36m (0.3ms)[0m  [1mDROP INDEX "index_users_on_email"[0m
  [1m[35m (1.4ms)[0m  DROP TABLE "users"
  [1m[36mSQL (0.3ms)[0m  [1mDELETE FROM "schema_migrations" WHERE "schema_migrations"."version" = $1[0m  [["version", "20150609180926"]]
  [1m[35m (1.3ms)[0m  COMMIT
  [1m[36mActiveRecord::SchemaMigration Load (0.3ms)[0m  [1mSELECT "schema_migrations".* FROM "schema_migrations"[0m
  [1m[36mActiveRecord::SchemaMigration Load (0.7ms)[0m  [1mSELECT "schema_migrations".* FROM "schema_migrations"[0m
Migrating to CreateUsers (20150609180926)
  [1m[35m (0.5ms)[0m  BEGIN
  [1m[36m (7.4ms)[0m  [1mCREATE TABLE "users" ("id" serial primary key, "email" character varying NOT NULL, "password_digest" character varying NOT NULL, "session_digest" character varying NOT NULL, "created_at" timestamp NOT NULL, "updated_at" timestamp NOT NULL) [0m
  [1m[35m (13.2ms)[0m  CREATE UNIQUE INDEX  "index_users_on_email" ON "users"  ("email")
  [1m[36m (1.1ms)[0m  [1mCREATE  INDEX  "index_users_on_password_digest" ON "users"  ("password_digest")[0m
  [1m[35m (1.0ms)[0m  CREATE UNIQUE INDEX  "index_users_on_session_digest" ON "users"  ("session_digest")
  [1m[36mSQL (0.4ms)[0m  [1mINSERT INTO "schema_migrations" ("version") VALUES ($1)[0m  [["version", "20150609180926"]]
  [1m[35m (1.0ms)[0m  COMMIT
Migrating to CreateProfiles (20150609180955)
  [1m[36m (0.6ms)[0m  [1mBEGIN[0m
  [1m[35m (4.9ms)[0m  CREATE TABLE "profiles" ("id" serial primary key, "fname" character varying NOT NULL, "lname" character varying NOT NULL, "about_blurb" text, "story_blurb" text, "travel_blurb" text, "image_url" character varying NOT NULL, "created_at" timestamp NOT NULL, "updated_at" timestamp NOT NULL) 
  [1m[36m (1.0ms)[0m  [1mCREATE  INDEX  "index_profiles_on_fname" ON "profiles"  ("fname")[0m
  [1m[35m (1.1ms)[0m  CREATE  INDEX  "index_profiles_on_lname" ON "profiles"  ("lname")
  [1m[36mSQL (0.2ms)[0m  [1mINSERT INTO "schema_migrations" ("version") VALUES ($1)[0m  [["version", "20150609180955"]]
  [1m[35m (0.5ms)[0m  COMMIT
Migrating to CreateTrips (20150609181006)
  [1m[36m (0.4ms)[0m  [1mBEGIN[0m
  [1m[35m (4.3ms)[0m  CREATE TABLE "trips" ("id" serial primary key, "owner_id" character varying NOT NULL, "from_city_zip" character varying NOT NULL, "to_city_zip" character varying NOT NULL, "start_date" date NOT NULL, "end_date" date NOT NULL, "created_at" timestamp NOT NULL, "updated_at" timestamp NOT NULL) 
  [1m[36m (1.5ms)[0m  [1mCREATE  INDEX  "index_trips_on_owner_id" ON "trips"  ("owner_id")[0m
  [1m[35m (1.6ms)[0m  CREATE  INDEX  "index_trips_on_from_city_zip" ON "trips"  ("from_city_zip")
  [1m[36m (1.8ms)[0m  [1mCREATE  INDEX  "index_trips_on_to_city_zip" ON "trips"  ("to_city_zip")[0m
  [1m[35m (1.2ms)[0m  CREATE  INDEX  "index_trips_on_start_date" ON "trips"  ("start_date")
  [1m[36m (1.3ms)[0m  [1mCREATE  INDEX  "index_trips_on_end_date" ON "trips"  ("end_date")[0m
  [1m[35mSQL (0.2ms)[0m  INSERT INTO "schema_migrations" ("version") VALUES ($1)  [["version", "20150609181006"]]
  [1m[36m (0.6ms)[0m  [1mCOMMIT[0m
Migrating to CreateMeetRequests (20150609181032)
  [1m[35m (0.3ms)[0m  BEGIN
  [1m[36m (4.2ms)[0m  [1mCREATE TABLE "meet_requests" ("id" serial primary key, "requester_id" integer NOT NULL, "requested_trip_id" integer NOT NULL, "status" character varying NOT NULL) [0m
  [1m[35m (1.1ms)[0m  CREATE  INDEX  "index_meet_requests_on_requester_id" ON "meet_requests"  ("requester_id")
  [1m[36m (2.0ms)[0m  [1mCREATE  INDEX  "index_meet_requests_on_requested_trip_id" ON "meet_requests"  ("requested_trip_id")[0m
  [1m[35mSQL (0.3ms)[0m  INSERT INTO "schema_migrations" ("version") VALUES ($1)  [["version", "20150609181032"]]
  [1m[36m (0.8ms)[0m  [1mCOMMIT[0m
  [1m[35mActiveRecord::SchemaMigration Load (0.3ms)[0m  SELECT "schema_migrations".* FROM "schema_migrations"
  [1m[36m (4.5ms)[0m  [1mSELECT t2.oid::regclass::text AS to_table, a1.attname AS column, a2.attname AS primary_key, c.conname AS name, c.confupdtype AS on_update, c.confdeltype AS on_delete
FROM pg_constraint c
JOIN pg_class t1 ON c.conrelid = t1.oid
JOIN pg_class t2 ON c.confrelid = t2.oid
JOIN pg_attribute a1 ON a1.attnum = c.conkey[1] AND a1.attrelid = t1.oid
JOIN pg_attribute a2 ON a2.attnum = c.confkey[1] AND a2.attrelid = t2.oid
JOIN pg_namespace t3 ON c.connamespace = t3.oid
WHERE c.contype = 'f'
  AND t1.relname = 'meet_requests'
  AND t3.nspname = ANY (current_schemas(false))
ORDER BY c.conname
[0m
  [1m[35m (4.1ms)[0m  SELECT t2.oid::regclass::text AS to_table, a1.attname AS column, a2.attname AS primary_key, c.conname AS name, c.confupdtype AS on_update, c.confdeltype AS on_delete
FROM pg_constraint c
JOIN pg_class t1 ON c.conrelid = t1.oid
JOIN pg_class t2 ON c.confrelid = t2.oid
JOIN pg_attribute a1 ON a1.attnum = c.conkey[1] AND a1.attrelid = t1.oid
JOIN pg_attribute a2 ON a2.attnum = c.confkey[1] AND a2.attrelid = t2.oid
JOIN pg_namespace t3 ON c.connamespace = t3.oid
WHERE c.contype = 'f'
  AND t1.relname = 'profiles'
  AND t3.nspname = ANY (current_schemas(false))
ORDER BY c.conname

  [1m[36m (3.9ms)[0m  [1mSELECT t2.oid::regclass::text AS to_table, a1.attname AS column, a2.attname AS primary_key, c.conname AS name, c.confupdtype AS on_update, c.confdeltype AS on_delete
FROM pg_constraint c
JOIN pg_class t1 ON c.conrelid = t1.oid
JOIN pg_class t2 ON c.confrelid = t2.oid
JOIN pg_attribute a1 ON a1.attnum = c.conkey[1] AND a1.attrelid = t1.oid
JOIN pg_attribute a2 ON a2.attnum = c.confkey[1] AND a2.attrelid = t2.oid
JOIN pg_namespace t3 ON c.connamespace = t3.oid
WHERE c.contype = 'f'
  AND t1.relname = 'trips'
  AND t3.nspname = ANY (current_schemas(false))
ORDER BY c.conname
[0m
  [1m[35m (4.2ms)[0m  SELECT t2.oid::regclass::text AS to_table, a1.attname AS column, a2.attname AS primary_key, c.conname AS name, c.confupdtype AS on_update, c.confdeltype AS on_delete
FROM pg_constraint c
JOIN pg_class t1 ON c.conrelid = t1.oid
JOIN pg_class t2 ON c.confrelid = t2.oid
JOIN pg_attribute a1 ON a1.attnum = c.conkey[1] AND a1.attrelid = t1.oid
JOIN pg_attribute a2 ON a2.attnum = c.confkey[1] AND a2.attrelid = t2.oid
JOIN pg_namespace t3 ON c.connamespace = t3.oid
WHERE c.contype = 'f'
  AND t1.relname = 'users'
  AND t3.nspname = ANY (current_schemas(false))
ORDER BY c.conname



Started GET "/" for ::1 at 2015-06-09 11:24:57 -0700
  [1m[36mActiveRecord::SchemaMigration Load (0.6ms)[0m  [1mSELECT "schema_migrations".* FROM "schema_migrations"[0m
Processing by Rails::WelcomeController#index as HTML
  Rendered /Users/appacademy/.rbenv/versions/2.1.2/lib/ruby/gems/2.1.0/gems/railties-4.2.1/lib/rails/templates/rails/welcome/index.html.erb (2.5ms)
Completed 200 OK in 62ms (Views: 39.8ms | ActiveRecord: 0.0ms)
  [1m[36mActiveRecord::SchemaMigration Load (0.6ms)[0m  [1mSELECT "schema_migrations".* FROM "schema_migrations"[0m
  [1m[35mActiveRecord::SchemaMigration Load (0.4ms)[0m  SELECT "schema_migrations".* FROM "schema_migrations"
Migrating to CreateMeetRequests (20150609181032)
  [1m[36m (0.2ms)[0m  [1mBEGIN[0m
  [1m[35m (1.0ms)[0m  DROP INDEX "index_meet_requests_on_requested_trip_id"
  [1m[36m (0.7ms)[0m  [1mDROP INDEX "index_meet_requests_on_requester_id"[0m
  [1m[35m (1.7ms)[0m  DROP TABLE "meet_requests"
  [1m[36mSQL (0.6ms)[0m  [1mDELETE FROM "schema_migrations" WHERE "schema_migrations"."version" = $1[0m  [["version", "20150609181032"]]
  [1m[35m (2.1ms)[0m  COMMIT
Migrating to CreateTrips (20150609181006)
  [1m[36m (0.3ms)[0m  [1mBEGIN[0m
  [1m[35m (0.7ms)[0m  DROP INDEX "index_trips_on_end_date"
  [1m[36m (0.5ms)[0m  [1mDROP INDEX "index_trips_on_start_date"[0m
  [1m[35m (0.3ms)[0m  DROP INDEX "index_trips_on_to_city_zip"
  [1m[36m (0.4ms)[0m  [1mDROP INDEX "index_trips_on_from_city_zip"[0m
  [1m[35m (0.5ms)[0m  DROP INDEX "index_trips_on_owner_id"
  [1m[36m (1.4ms)[0m  [1mDROP TABLE "trips"[0m
  [1m[35mSQL (0.3ms)[0m  DELETE FROM "schema_migrations" WHERE "schema_migrations"."version" = $1  [["version", "20150609181006"]]
  [1m[36m (1.6ms)[0m  [1mCOMMIT[0m
Migrating to CreateProfiles (20150609180955)
  [1m[35m (0.3ms)[0m  BEGIN
  [1m[36m (0.7ms)[0m  [1mDROP INDEX "index_profiles_on_lname"[0m
  [1m[35m (0.4ms)[0m  DROP INDEX "index_profiles_on_fname"
  [1m[36m (1.7ms)[0m  [1mDROP TABLE "profiles"[0m
  [1m[35mSQL (0.4ms)[0m  DELETE FROM "schema_migrations" WHERE "schema_migrations"."version" = $1  [["version", "20150609180955"]]
  [1m[36m (1.5ms)[0m  [1mCOMMIT[0m
Migrating to CreateUsers (20150609180926)
  [1m[35m (0.3ms)[0m  BEGIN
  [1m[36m (0.4ms)[0m  [1mDROP INDEX "index_users_on_session_digest"[0m
  [1m[35m (0.4ms)[0m  DROP INDEX "index_users_on_password_digest"
  [1m[36m (0.4ms)[0m  [1mDROP INDEX "index_users_on_email"[0m
  [1m[35m (1.5ms)[0m  DROP TABLE "users"
  [1m[36mSQL (0.4ms)[0m  [1mDELETE FROM "schema_migrations" WHERE "schema_migrations"."version" = $1[0m  [["version", "20150609180926"]]
  [1m[35m (1.9ms)[0m  COMMIT
  [1m[36mActiveRecord::SchemaMigration Load (0.3ms)[0m  [1mSELECT "schema_migrations".* FROM "schema_migrations"[0m
  [1m[36mActiveRecord::SchemaMigration Load (0.7ms)[0m  [1mSELECT "schema_migrations".* FROM "schema_migrations"[0m
Migrating to CreateUsers (20150609180926)
  [1m[35m (0.2ms)[0m  BEGIN
  [1m[36m (6.2ms)[0m  [1mCREATE TABLE "users" ("id" serial primary key, "email" character varying NOT NULL, "password_digest" character varying NOT NULL, "session_digest" character varying NOT NULL, "created_at" timestamp NOT NULL, "updated_at" timestamp NOT NULL) [0m
  [1m[35m (1.4ms)[0m  CREATE UNIQUE INDEX  "index_users_on_email" ON "users"  ("email")
  [1m[36m (1.1ms)[0m  [1mCREATE  INDEX  "index_users_on_password_digest" ON "users"  ("password_digest")[0m
  [1m[35m (1.1ms)[0m  CREATE UNIQUE INDEX  "index_users_on_session_digest" ON "users"  ("session_digest")
  [1m[36mSQL (0.5ms)[0m  [1mINSERT INTO "schema_migrations" ("version") VALUES ($1)[0m  [["version", "20150609180926"]]
  [1m[35m (1.3ms)[0m  COMMIT
Migrating to CreateProfiles (20150609180955)
  [1m[36m (0.5ms)[0m  [1mBEGIN[0m
  [1m[35m (5.2ms)[0m  CREATE TABLE "profiles" ("id" serial primary key, "user_id" integer NOT NULL, "fname" character varying NOT NULL, "lname" character varying NOT NULL, "about_blurb" text, "story_blurb" text, "travel_blurb" text, "image_url" character varying NOT NULL, "created_at" timestamp NOT NULL, "updated_at" timestamp NOT NULL) 
  [1m[36m (1.2ms)[0m  [1mCREATE UNIQUE INDEX  "index_profiles_on_user_id" ON "profiles"  ("user_id")[0m
  [1m[35m (1.1ms)[0m  CREATE  INDEX  "index_profiles_on_fname" ON "profiles"  ("fname")
  [1m[36m (1.0ms)[0m  [1mCREATE  INDEX  "index_profiles_on_lname" ON "profiles"  ("lname")[0m
  [1m[35mSQL (0.2ms)[0m  INSERT INTO "schema_migrations" ("version") VALUES ($1)  [["version", "20150609180955"]]
  [1m[36m (0.6ms)[0m  [1mCOMMIT[0m
Migrating to CreateTrips (20150609181006)
  [1m[35m (0.5ms)[0m  BEGIN
  [1m[36m (18.1ms)[0m  [1mCREATE TABLE "trips" ("id" serial primary key, "owner_id" character varying NOT NULL, "from_city_zip" character varying NOT NULL, "to_city_zip" character varying NOT NULL, "start_date" date NOT NULL, "end_date" date NOT NULL, "created_at" timestamp NOT NULL, "updated_at" timestamp NOT NULL) [0m
  [1m[35m (1.1ms)[0m  CREATE  INDEX  "index_trips_on_owner_id" ON "trips"  ("owner_id")
  [1m[36m (1.1ms)[0m  [1mCREATE  INDEX  "index_trips_on_from_city_zip" ON "trips"  ("from_city_zip")[0m
  [1m[35m (1.1ms)[0m  CREATE  INDEX  "index_trips_on_to_city_zip" ON "trips"  ("to_city_zip")
  [1m[36m (1.1ms)[0m  [1mCREATE  INDEX  "index_trips_on_start_date" ON "trips"  ("start_date")[0m
  [1m[35m (1.0ms)[0m  CREATE  INDEX  "index_trips_on_end_date" ON "trips"  ("end_date")
  [1m[36mSQL (0.2ms)[0m  [1mINSERT INTO "schema_migrations" ("version") VALUES ($1)[0m  [["version", "20150609181006"]]
  [1m[35m (0.6ms)[0m  COMMIT
Migrating to CreateMeetRequests (20150609181032)
  [1m[36m (0.7ms)[0m  [1mBEGIN[0m
  [1m[35m (17.3ms)[0m  CREATE TABLE "meet_requests" ("id" serial primary key, "requester_id" integer NOT NULL, "requested_trip_id" integer NOT NULL, "status" character varying NOT NULL) 
  [1m[36m (1.7ms)[0m  [1mCREATE  INDEX  "index_meet_requests_on_requester_id" ON "meet_requests"  ("requester_id")[0m
  [1m[35m (1.5ms)[0m  CREATE  INDEX  "index_meet_requests_on_requested_trip_id" ON "meet_requests"  ("requested_trip_id")
  [1m[36mSQL (0.3ms)[0m  [1mINSERT INTO "schema_migrations" ("version") VALUES ($1)[0m  [["version", "20150609181032"]]
  [1m[35m (1.0ms)[0m  COMMIT
  [1m[36mActiveRecord::SchemaMigration Load (0.2ms)[0m  [1mSELECT "schema_migrations".* FROM "schema_migrations"[0m
  [1m[35m (4.6ms)[0m  SELECT t2.oid::regclass::text AS to_table, a1.attname AS column, a2.attname AS primary_key, c.conname AS name, c.confupdtype AS on_update, c.confdeltype AS on_delete
FROM pg_constraint c
JOIN pg_class t1 ON c.conrelid = t1.oid
JOIN pg_class t2 ON c.confrelid = t2.oid
JOIN pg_attribute a1 ON a1.attnum = c.conkey[1] AND a1.attrelid = t1.oid
JOIN pg_attribute a2 ON a2.attnum = c.confkey[1] AND a2.attrelid = t2.oid
JOIN pg_namespace t3 ON c.connamespace = t3.oid
WHERE c.contype = 'f'
  AND t1.relname = 'meet_requests'
  AND t3.nspname = ANY (current_schemas(false))
ORDER BY c.conname

  [1m[36m (4.0ms)[0m  [1mSELECT t2.oid::regclass::text AS to_table, a1.attname AS column, a2.attname AS primary_key, c.conname AS name, c.confupdtype AS on_update, c.confdeltype AS on_delete
FROM pg_constraint c
JOIN pg_class t1 ON c.conrelid = t1.oid
JOIN pg_class t2 ON c.confrelid = t2.oid
JOIN pg_attribute a1 ON a1.attnum = c.conkey[1] AND a1.attrelid = t1.oid
JOIN pg_attribute a2 ON a2.attnum = c.confkey[1] AND a2.attrelid = t2.oid
JOIN pg_namespace t3 ON c.connamespace = t3.oid
WHERE c.contype = 'f'
  AND t1.relname = 'profiles'
  AND t3.nspname = ANY (current_schemas(false))
ORDER BY c.conname
[0m
  [1m[35m (3.6ms)[0m  SELECT t2.oid::regclass::text AS to_table, a1.attname AS column, a2.attname AS primary_key, c.conname AS name, c.confupdtype AS on_update, c.confdeltype AS on_delete
FROM pg_constraint c
JOIN pg_class t1 ON c.conrelid = t1.oid
JOIN pg_class t2 ON c.confrelid = t2.oid
JOIN pg_attribute a1 ON a1.attnum = c.conkey[1] AND a1.attrelid = t1.oid
JOIN pg_attribute a2 ON a2.attnum = c.confkey[1] AND a2.attrelid = t2.oid
JOIN pg_namespace t3 ON c.connamespace = t3.oid
WHERE c.contype = 'f'
  AND t1.relname = 'trips'
  AND t3.nspname = ANY (current_schemas(false))
ORDER BY c.conname

  [1m[36m (5.2ms)[0m  [1mSELECT t2.oid::regclass::text AS to_table, a1.attname AS column, a2.attname AS primary_key, c.conname AS name, c.confupdtype AS on_update, c.confdeltype AS on_delete
FROM pg_constraint c
JOIN pg_class t1 ON c.conrelid = t1.oid
JOIN pg_class t2 ON c.confrelid = t2.oid
JOIN pg_attribute a1 ON a1.attnum = c.conkey[1] AND a1.attrelid = t1.oid
JOIN pg_attribute a2 ON a2.attnum = c.confkey[1] AND a2.attrelid = t2.oid
JOIN pg_namespace t3 ON c.connamespace = t3.oid
WHERE c.contype = 'f'
  AND t1.relname = 'users'
  AND t3.nspname = ANY (current_schemas(false))
ORDER BY c.conname
[0m
  [1m[36mActiveRecord::SchemaMigration Load (1.3ms)[0m  [1mSELECT "schema_migrations".* FROM "schema_migrations"[0m
  [1m[35mActiveRecord::SchemaMigration Load (0.4ms)[0m  SELECT "schema_migrations".* FROM "schema_migrations"
Migrating to CreateMeetRequests (20150609181032)
  [1m[36m (0.2ms)[0m  [1mBEGIN[0m
  [1m[35m (1.4ms)[0m  DROP INDEX "index_meet_requests_on_requested_trip_id"
  [1m[36m (0.6ms)[0m  [1mDROP INDEX "index_meet_requests_on_requester_id"[0m
  [1m[35m (2.9ms)[0m  DROP TABLE "meet_requests"
  [1m[36mSQL (0.6ms)[0m  [1mDELETE FROM "schema_migrations" WHERE "schema_migrations"."version" = $1[0m  [["version", "20150609181032"]]
  [1m[35m (2.5ms)[0m  COMMIT
Migrating to CreateTrips (20150609181006)
  [1m[36m (0.3ms)[0m  [1mBEGIN[0m
  [1m[35m (0.7ms)[0m  DROP INDEX "index_trips_on_end_date"
  [1m[36m (0.9ms)[0m  [1mDROP INDEX "index_trips_on_start_date"[0m
  [1m[35m (1.8ms)[0m  DROP INDEX "index_trips_on_to_city_zip"
  [1m[36m (1.2ms)[0m  [1mDROP INDEX "index_trips_on_from_city_zip"[0m
  [1m[35m (0.6ms)[0m  DROP INDEX "index_trips_on_owner_id"
  [1m[36m (2.7ms)[0m  [1mDROP TABLE "trips"[0m
  [1m[35mSQL (0.3ms)[0m  DELETE FROM "schema_migrations" WHERE "schema_migrations"."version" = $1  [["version", "20150609181006"]]
  [1m[36m (2.4ms)[0m  [1mCOMMIT[0m
Migrating to CreateProfiles (20150609180955)
  [1m[35m (0.4ms)[0m  BEGIN
  [1m[36m (0.7ms)[0m  [1mDROP INDEX "index_profiles_on_lname"[0m
  [1m[35m (0.6ms)[0m  DROP INDEX "index_profiles_on_fname"
  [1m[36m (0.5ms)[0m  [1mDROP INDEX "index_profiles_on_user_id"[0m
  [1m[35m (2.5ms)[0m  DROP TABLE "profiles"
  [1m[36mSQL (0.4ms)[0m  [1mDELETE FROM "schema_migrations" WHERE "schema_migrations"."version" = $1[0m  [["version", "20150609180955"]]
  [1m[35m (2.4ms)[0m  COMMIT
Migrating to CreateUsers (20150609180926)
  [1m[36m (0.3ms)[0m  [1mBEGIN[0m
  [1m[35m (0.6ms)[0m  DROP INDEX "index_users_on_session_digest"
  [1m[36m (0.6ms)[0m  [1mDROP INDEX "index_users_on_password_digest"[0m
  [1m[35m (0.9ms)[0m  DROP INDEX "index_users_on_email"
  [1m[36m (2.5ms)[0m  [1mDROP TABLE "users"[0m
  [1m[35mSQL (0.4ms)[0m  DELETE FROM "schema_migrations" WHERE "schema_migrations"."version" = $1  [["version", "20150609180926"]]
  [1m[36m (1.7ms)[0m  [1mCOMMIT[0m
  [1m[35mActiveRecord::SchemaMigration Load (0.4ms)[0m  SELECT "schema_migrations".* FROM "schema_migrations"
  [1m[36mActiveRecord::SchemaMigration Load (0.6ms)[0m  [1mSELECT "schema_migrations".* FROM "schema_migrations"[0m
Migrating to CreateUsers (20150609180926)
  [1m[35m (0.2ms)[0m  BEGIN
  [1m[36m (6.4ms)[0m  [1mCREATE TABLE "users" ("id" serial primary key, "email" character varying NOT NULL, "password_digest" character varying NOT NULL, "session_digest" character varying NOT NULL, "created_at" timestamp NOT NULL, "updated_at" timestamp NOT NULL) [0m
  [1m[35m (1.5ms)[0m  CREATE UNIQUE INDEX  "index_users_on_email" ON "users"  ("email")
  [1m[36m (1.1ms)[0m  [1mCREATE  INDEX  "index_users_on_password_digest" ON "users"  ("password_digest")[0m
  [1m[35m (1.2ms)[0m  CREATE UNIQUE INDEX  "index_users_on_session_digest" ON "users"  ("session_digest")
  [1m[36mSQL (0.5ms)[0m  [1mINSERT INTO "schema_migrations" ("version") VALUES ($1)[0m  [["version", "20150609180926"]]
  [1m[35m (1.2ms)[0m  COMMIT
Migrating to CreateProfiles (20150609180955)
  [1m[36m (0.5ms)[0m  [1mBEGIN[0m
  [1m[35m (8.3ms)[0m  CREATE TABLE "profiles" ("id" serial primary key, "user_id" integer NOT NULL, "fname" character varying NOT NULL, "lname" character varying NOT NULL, "birthday" date NOT NULL, "about_blurb" text, "story_blurb" text, "travel_blurb" text, "image_url" character varying NOT NULL, "created_at" timestamp NOT NULL, "updated_at" timestamp NOT NULL) 
  [1m[36m (1.5ms)[0m  [1mCREATE UNIQUE INDEX  "index_profiles_on_user_id" ON "profiles"  ("user_id")[0m
  [1m[35m (1.2ms)[0m  CREATE  INDEX  "index_profiles_on_fname" ON "profiles"  ("fname")
  [1m[36m (1.8ms)[0m  [1mCREATE  INDEX  "index_profiles_on_lname" ON "profiles"  ("lname")[0m
  [1m[35m (1.7ms)[0m  CREATE  INDEX  "index_profiles_on_birthday" ON "profiles"  ("birthday")
  [1m[36mSQL (0.4ms)[0m  [1mINSERT INTO "schema_migrations" ("version") VALUES ($1)[0m  [["version", "20150609180955"]]
  [1m[35m (0.7ms)[0m  COMMIT
Migrating to CreateTrips (20150609181006)
  [1m[36m (0.5ms)[0m  [1mBEGIN[0m
  [1m[35m (9.7ms)[0m  CREATE TABLE "trips" ("id" serial primary key, "owner_id" character varying NOT NULL, "from_city_zip" character varying NOT NULL, "to_city_zip" character varying NOT NULL, "start_date" date NOT NULL, "end_date" date NOT NULL, "created_at" timestamp NOT NULL, "updated_at" timestamp NOT NULL) 
  [1m[36m (1.7ms)[0m  [1mCREATE  INDEX  "index_trips_on_owner_id" ON "trips"  ("owner_id")[0m
  [1m[35m (1.6ms)[0m  CREATE  INDEX  "index_trips_on_from_city_zip" ON "trips"  ("from_city_zip")
  [1m[36m (2.1ms)[0m  [1mCREATE  INDEX  "index_trips_on_to_city_zip" ON "trips"  ("to_city_zip")[0m
  [1m[35m (1.8ms)[0m  CREATE  INDEX  "index_trips_on_start_date" ON "trips"  ("start_date")
  [1m[36m (1.8ms)[0m  [1mCREATE  INDEX  "index_trips_on_end_date" ON "trips"  ("end_date")[0m
  [1m[35mSQL (0.4ms)[0m  INSERT INTO "schema_migrations" ("version") VALUES ($1)  [["version", "20150609181006"]]
  [1m[36m (0.8ms)[0m  [1mCOMMIT[0m
Migrating to CreateMeetRequests (20150609181032)
  [1m[35m (0.6ms)[0m  BEGIN
  [1m[36m (8.6ms)[0m  [1mCREATE TABLE "meet_requests" ("id" serial primary key, "requester_id" integer NOT NULL, "requested_trip_id" integer NOT NULL, "status" character varying NOT NULL) [0m
  [1m[35m (8.4ms)[0m  CREATE  INDEX  "index_meet_requests_on_requester_id" ON "meet_requests"  ("requester_id")
  [1m[36m (1.7ms)[0m  [1mCREATE  INDEX  "index_meet_requests_on_requested_trip_id" ON "meet_requests"  ("requested_trip_id")[0m
  [1m[35mSQL (0.5ms)[0m  INSERT INTO "schema_migrations" ("version") VALUES ($1)  [["version", "20150609181032"]]
  [1m[36m (0.8ms)[0m  [1mCOMMIT[0m
  [1m[35mActiveRecord::SchemaMigration Load (0.4ms)[0m  SELECT "schema_migrations".* FROM "schema_migrations"
  [1m[36m (4.7ms)[0m  [1mSELECT t2.oid::regclass::text AS to_table, a1.attname AS column, a2.attname AS primary_key, c.conname AS name, c.confupdtype AS on_update, c.confdeltype AS on_delete
FROM pg_constraint c
JOIN pg_class t1 ON c.conrelid = t1.oid
JOIN pg_class t2 ON c.confrelid = t2.oid
JOIN pg_attribute a1 ON a1.attnum = c.conkey[1] AND a1.attrelid = t1.oid
JOIN pg_attribute a2 ON a2.attnum = c.confkey[1] AND a2.attrelid = t2.oid
JOIN pg_namespace t3 ON c.connamespace = t3.oid
WHERE c.contype = 'f'
  AND t1.relname = 'meet_requests'
  AND t3.nspname = ANY (current_schemas(false))
ORDER BY c.conname
[0m
  [1m[35m (5.3ms)[0m  SELECT t2.oid::regclass::text AS to_table, a1.attname AS column, a2.attname AS primary_key, c.conname AS name, c.confupdtype AS on_update, c.confdeltype AS on_delete
FROM pg_constraint c
JOIN pg_class t1 ON c.conrelid = t1.oid
JOIN pg_class t2 ON c.confrelid = t2.oid
JOIN pg_attribute a1 ON a1.attnum = c.conkey[1] AND a1.attrelid = t1.oid
JOIN pg_attribute a2 ON a2.attnum = c.confkey[1] AND a2.attrelid = t2.oid
JOIN pg_namespace t3 ON c.connamespace = t3.oid
WHERE c.contype = 'f'
  AND t1.relname = 'profiles'
  AND t3.nspname = ANY (current_schemas(false))
ORDER BY c.conname

  [1m[36m (7.8ms)[0m  [1mSELECT t2.oid::regclass::text AS to_table, a1.attname AS column, a2.attname AS primary_key, c.conname AS name, c.confupdtype AS on_update, c.confdeltype AS on_delete
FROM pg_constraint c
JOIN pg_class t1 ON c.conrelid = t1.oid
JOIN pg_class t2 ON c.confrelid = t2.oid
JOIN pg_attribute a1 ON a1.attnum = c.conkey[1] AND a1.attrelid = t1.oid
JOIN pg_attribute a2 ON a2.attnum = c.confkey[1] AND a2.attrelid = t2.oid
JOIN pg_namespace t3 ON c.connamespace = t3.oid
WHERE c.contype = 'f'
  AND t1.relname = 'trips'
  AND t3.nspname = ANY (current_schemas(false))
ORDER BY c.conname
[0m
  [1m[35m (4.6ms)[0m  SELECT t2.oid::regclass::text AS to_table, a1.attname AS column, a2.attname AS primary_key, c.conname AS name, c.confupdtype AS on_update, c.confdeltype AS on_delete
FROM pg_constraint c
JOIN pg_class t1 ON c.conrelid = t1.oid
JOIN pg_class t2 ON c.confrelid = t2.oid
JOIN pg_attribute a1 ON a1.attnum = c.conkey[1] AND a1.attrelid = t1.oid
JOIN pg_attribute a2 ON a2.attnum = c.confkey[1] AND a2.attrelid = t2.oid
JOIN pg_namespace t3 ON c.connamespace = t3.oid
WHERE c.contype = 'f'
  AND t1.relname = 'users'
  AND t3.nspname = ANY (current_schemas(false))
ORDER BY c.conname



Started GET "/" for ::1 at 2015-06-09 11:48:35 -0700
  [1m[36mActiveRecord::SchemaMigration Load (0.7ms)[0m  [1mSELECT "schema_migrations".* FROM "schema_migrations"[0m
Processing by Rails::WelcomeController#index as HTML
  Rendered /Users/appacademy/.rbenv/versions/2.1.2/lib/ruby/gems/2.1.0/gems/railties-4.2.1/lib/rails/templates/rails/welcome/index.html.erb (1.9ms)
Completed 200 OK in 48ms (Views: 26.6ms | ActiveRecord: 0.0ms)
  [1m[36mActiveRecord::SchemaMigration Load (14.2ms)[0m  [1mSELECT "schema_migrations".* FROM "schema_migrations"[0m
  [1m[35mActiveRecord::SchemaMigration Load (0.3ms)[0m  SELECT "schema_migrations".* FROM "schema_migrations"
Migrating to CreateMeetRequests (20150609181032)
  [1m[36m (14.4ms)[0m  [1mBEGIN[0m
  [1m[35m (23.0ms)[0m  DROP INDEX "index_meet_requests_on_requested_trip_id"
  [1m[36m (0.4ms)[0m  [1mDROP INDEX "index_meet_requests_on_requester_id"[0m
  [1m[35m (7.6ms)[0m  DROP TABLE "meet_requests"
  [1m[36mSQL (28.0ms)[0m  [1mDELETE FROM "schema_migrations" WHERE "schema_migrations"."version" = $1[0m  [["version", "20150609181032"]]
  [1m[35m (31.0ms)[0m  COMMIT
Migrating to CreateTrips (20150609181006)
  [1m[36m (0.3ms)[0m  [1mBEGIN[0m
  [1m[35m (0.7ms)[0m  DROP INDEX "index_trips_on_end_date"
  [1m[36m (0.4ms)[0m  [1mDROP INDEX "index_trips_on_start_date"[0m
  [1m[35m (0.4ms)[0m  DROP INDEX "index_trips_on_to_city_zip"
  [1m[36m (0.4ms)[0m  [1mDROP INDEX "index_trips_on_from_city_zip"[0m
  [1m[35m (0.3ms)[0m  DROP INDEX "index_trips_on_owner_id"
  [1m[36m (1.5ms)[0m  [1mDROP TABLE "trips"[0m
  [1m[35mSQL (0.3ms)[0m  DELETE FROM "schema_migrations" WHERE "schema_migrations"."version" = $1  [["version", "20150609181006"]]
  [1m[36m (1.7ms)[0m  [1mCOMMIT[0m
Migrating to CreateProfiles (20150609180955)
  [1m[35m (0.2ms)[0m  BEGIN
  [1m[36m (0.4ms)[0m  [1mDROP INDEX "index_profiles_on_birthday"[0m
  [1m[35m (0.3ms)[0m  DROP INDEX "index_profiles_on_lname"
  [1m[36m (0.3ms)[0m  [1mDROP INDEX "index_profiles_on_fname"[0m
  [1m[35m (0.4ms)[0m  DROP INDEX "index_profiles_on_user_id"
  [1m[36m (1.7ms)[0m  [1mDROP TABLE "profiles"[0m
  [1m[35mSQL (0.3ms)[0m  DELETE FROM "schema_migrations" WHERE "schema_migrations"."version" = $1  [["version", "20150609180955"]]
  [1m[36m (1.6ms)[0m  [1mCOMMIT[0m
Migrating to CreateUsers (20150609180926)
  [1m[35m (0.4ms)[0m  BEGIN
  [1m[36m (0.5ms)[0m  [1mDROP INDEX "index_users_on_session_digest"[0m
  [1m[35m (0.4ms)[0m  DROP INDEX "index_users_on_password_digest"
  [1m[36m (0.3ms)[0m  [1mDROP INDEX "index_users_on_email"[0m
  [1m[35m (1.5ms)[0m  DROP TABLE "users"
  [1m[36mSQL (0.3ms)[0m  [1mDELETE FROM "schema_migrations" WHERE "schema_migrations"."version" = $1[0m  [["version", "20150609180926"]]
  [1m[35m (1.3ms)[0m  COMMIT
  [1m[36mActiveRecord::SchemaMigration Load (0.4ms)[0m  [1mSELECT "schema_migrations".* FROM "schema_migrations"[0m
  [1m[36mActiveRecord::SchemaMigration Load (0.7ms)[0m  [1mSELECT "schema_migrations".* FROM "schema_migrations"[0m
Migrating to CreateUsers (20150609180926)
  [1m[35m (0.2ms)[0m  BEGIN
  [1m[36m (113.4ms)[0m  [1mCREATE TABLE "users" ("id" serial primary key, "email" character varying NOT NULL, "password_digest" character varying NOT NULL, "session_digest" character varying NOT NULL, "created_at" timestamp NOT NULL, "updated_at" timestamp NOT NULL) [0m
  [1m[35m (14.7ms)[0m  CREATE UNIQUE INDEX  "index_users_on_email" ON "users"  ("email")
  [1m[36m (1.2ms)[0m  [1mCREATE  INDEX  "index_users_on_password_digest" ON "users"  ("password_digest")[0m
  [1m[35m (1.0ms)[0m  CREATE UNIQUE INDEX  "index_users_on_session_digest" ON "users"  ("session_digest")
  [1m[36mSQL (18.9ms)[0m  [1mINSERT INTO "schema_migrations" ("version") VALUES ($1)[0m  [["version", "20150609180926"]]
  [1m[35m (10.6ms)[0m  COMMIT
Migrating to CreateProfiles (20150609180955)
  [1m[36m (0.4ms)[0m  [1mBEGIN[0m
  [1m[35m (4.8ms)[0m  CREATE TABLE "profiles" ("id" serial primary key, "user_id" integer NOT NULL, "fname" character varying NOT NULL, "lname" character varying NOT NULL, "birthday" date NOT NULL, "hometown_id" integer NOT NULL, "about_blurb" text, "story_blurb" text, "travel_blurb" text, "image_url" character varying NOT NULL, "created_at" timestamp NOT NULL, "updated_at" timestamp NOT NULL) 
  [1m[36m (1.3ms)[0m  [1mCREATE UNIQUE INDEX  "index_profiles_on_user_id" ON "profiles"  ("user_id")[0m
  [1m[35m (1.1ms)[0m  CREATE  INDEX  "index_profiles_on_fname" ON "profiles"  ("fname")
  [1m[36m (1.1ms)[0m  [1mCREATE  INDEX  "index_profiles_on_lname" ON "profiles"  ("lname")[0m
  [1m[35m (1.3ms)[0m  CREATE  INDEX  "index_profiles_on_birthday" ON "profiles"  ("birthday")
  [1m[36m (43.5ms)[0m  [1mCREATE  INDEX  "index_profiels_on_hometown_id" ON "profiels"  ("hometown_id")[0m
PG::UndefinedTable: ERROR:  relation "profiels" does not exist
: CREATE  INDEX  "index_profiels_on_hometown_id" ON "profiels"  ("hometown_id")
  [1m[35m (0.1ms)[0m  ROLLBACK
  [1m[36mActiveRecord::SchemaMigration Load (0.9ms)[0m  [1mSELECT "schema_migrations".* FROM "schema_migrations"[0m
Migrating to CreateProfiles (20150609180955)
  [1m[35m (0.2ms)[0m  BEGIN
  [1m[36m (6.4ms)[0m  [1mCREATE TABLE "profiles" ("id" serial primary key, "user_id" integer NOT NULL, "fname" character varying NOT NULL, "lname" character varying NOT NULL, "birthday" date NOT NULL, "hometown_id" integer NOT NULL, "about_blurb" text, "story_blurb" text, "travel_blurb" text, "image_url" character varying NOT NULL, "created_at" timestamp NOT NULL, "updated_at" timestamp NOT NULL) [0m
  [1m[35m (1.3ms)[0m  CREATE UNIQUE INDEX  "index_profiles_on_user_id" ON "profiles"  ("user_id")
  [1m[36m (1.3ms)[0m  [1mCREATE  INDEX  "index_profiles_on_fname" ON "profiles"  ("fname")[0m
  [1m[35m (1.4ms)[0m  CREATE  INDEX  "index_profiles_on_lname" ON "profiles"  ("lname")
  [1m[36m (1.2ms)[0m  [1mCREATE  INDEX  "index_profiles_on_birthday" ON "profiles"  ("birthday")[0m
  [1m[35m (1.0ms)[0m  CREATE  INDEX  "index_profiles_on_hometown_id" ON "profiles"  ("hometown_id")
  [1m[36mSQL (0.4ms)[0m  [1mINSERT INTO "schema_migrations" ("version") VALUES ($1)[0m  [["version", "20150609180955"]]
  [1m[35m (0.6ms)[0m  COMMIT
Migrating to CreateTrips (20150609181006)
  [1m[36m (0.4ms)[0m  [1mBEGIN[0m
  [1m[35m (4.7ms)[0m  CREATE TABLE "trips" ("id" serial primary key, "owner_id" character varying NOT NULL, "from_city_zip" character varying NOT NULL, "to_city_zip" character varying NOT NULL, "start_date" date NOT NULL, "end_date" date NOT NULL, "created_at" timestamp NOT NULL, "updated_at" timestamp NOT NULL) 
  [1m[36m (1.2ms)[0m  [1mCREATE  INDEX  "index_trips_on_owner_id" ON "trips"  ("owner_id")[0m
  [1m[35m (1.6ms)[0m  CREATE  INDEX  "index_trips_on_from_city_zip" ON "trips"  ("from_city_zip")
  [1m[36m (1.2ms)[0m  [1mCREATE  INDEX  "index_trips_on_to_city_zip" ON "trips"  ("to_city_zip")[0m
  [1m[35m (1.3ms)[0m  CREATE  INDEX  "index_trips_on_start_date" ON "trips"  ("start_date")
  [1m[36m (1.1ms)[0m  [1mCREATE  INDEX  "index_trips_on_end_date" ON "trips"  ("end_date")[0m
  [1m[35mSQL (0.2ms)[0m  INSERT INTO "schema_migrations" ("version") VALUES ($1)  [["version", "20150609181006"]]
  [1m[36m (0.6ms)[0m  [1mCOMMIT[0m
Migrating to CreateMeetRequests (20150609181032)
  [1m[35m (0.6ms)[0m  BEGIN
  [1m[36m (5.2ms)[0m  [1mCREATE TABLE "meet_requests" ("id" serial primary key, "requester_id" integer NOT NULL, "requested_trip_id" integer NOT NULL, "status" character varying NOT NULL) [0m
  [1m[35m (1.0ms)[0m  CREATE  INDEX  "index_meet_requests_on_requester_id" ON "meet_requests"  ("requester_id")
  [1m[36m (1.7ms)[0m  [1mCREATE  INDEX  "index_meet_requests_on_requested_trip_id" ON "meet_requests"  ("requested_trip_id")[0m
  [1m[35mSQL (0.3ms)[0m  INSERT INTO "schema_migrations" ("version") VALUES ($1)  [["version", "20150609181032"]]
  [1m[36m (0.7ms)[0m  [1mCOMMIT[0m
  [1m[35mActiveRecord::SchemaMigration Load (0.3ms)[0m  SELECT "schema_migrations".* FROM "schema_migrations"
  [1m[36m (29.6ms)[0m  [1mSELECT t2.oid::regclass::text AS to_table, a1.attname AS column, a2.attname AS primary_key, c.conname AS name, c.confupdtype AS on_update, c.confdeltype AS on_delete
FROM pg_constraint c
JOIN pg_class t1 ON c.conrelid = t1.oid
JOIN pg_class t2 ON c.confrelid = t2.oid
JOIN pg_attribute a1 ON a1.attnum = c.conkey[1] AND a1.attrelid = t1.oid
JOIN pg_attribute a2 ON a2.attnum = c.confkey[1] AND a2.attrelid = t2.oid
JOIN pg_namespace t3 ON c.connamespace = t3.oid
WHERE c.contype = 'f'
  AND t1.relname = 'meet_requests'
  AND t3.nspname = ANY (current_schemas(false))
ORDER BY c.conname
[0m
  [1m[35m (4.4ms)[0m  SELECT t2.oid::regclass::text AS to_table, a1.attname AS column, a2.attname AS primary_key, c.conname AS name, c.confupdtype AS on_update, c.confdeltype AS on_delete
FROM pg_constraint c
JOIN pg_class t1 ON c.conrelid = t1.oid
JOIN pg_class t2 ON c.confrelid = t2.oid
JOIN pg_attribute a1 ON a1.attnum = c.conkey[1] AND a1.attrelid = t1.oid
JOIN pg_attribute a2 ON a2.attnum = c.confkey[1] AND a2.attrelid = t2.oid
JOIN pg_namespace t3 ON c.connamespace = t3.oid
WHERE c.contype = 'f'
  AND t1.relname = 'profiles'
  AND t3.nspname = ANY (current_schemas(false))
ORDER BY c.conname

  [1m[36m (5.1ms)[0m  [1mSELECT t2.oid::regclass::text AS to_table, a1.attname AS column, a2.attname AS primary_key, c.conname AS name, c.confupdtype AS on_update, c.confdeltype AS on_delete
FROM pg_constraint c
JOIN pg_class t1 ON c.conrelid = t1.oid
JOIN pg_class t2 ON c.confrelid = t2.oid
JOIN pg_attribute a1 ON a1.attnum = c.conkey[1] AND a1.attrelid = t1.oid
JOIN pg_attribute a2 ON a2.attnum = c.confkey[1] AND a2.attrelid = t2.oid
JOIN pg_namespace t3 ON c.connamespace = t3.oid
WHERE c.contype = 'f'
  AND t1.relname = 'trips'
  AND t3.nspname = ANY (current_schemas(false))
ORDER BY c.conname
[0m
  [1m[35m (3.8ms)[0m  SELECT t2.oid::regclass::text AS to_table, a1.attname AS column, a2.attname AS primary_key, c.conname AS name, c.confupdtype AS on_update, c.confdeltype AS on_delete
FROM pg_constraint c
JOIN pg_class t1 ON c.conrelid = t1.oid
JOIN pg_class t2 ON c.confrelid = t2.oid
JOIN pg_attribute a1 ON a1.attnum = c.conkey[1] AND a1.attrelid = t1.oid
JOIN pg_attribute a2 ON a2.attnum = c.confkey[1] AND a2.attrelid = t2.oid
JOIN pg_namespace t3 ON c.connamespace = t3.oid
WHERE c.contype = 'f'
  AND t1.relname = 'users'
  AND t3.nspname = ANY (current_schemas(false))
ORDER BY c.conname

  [1m[36mActiveRecord::SchemaMigration Load (0.5ms)[0m  [1mSELECT "schema_migrations".* FROM "schema_migrations"[0m
  [1m[35mActiveRecord::SchemaMigration Load (0.2ms)[0m  SELECT "schema_migrations".* FROM "schema_migrations"
  [1m[36m (4.2ms)[0m  [1mSELECT t2.oid::regclass::text AS to_table, a1.attname AS column, a2.attname AS primary_key, c.conname AS name, c.confupdtype AS on_update, c.confdeltype AS on_delete
FROM pg_constraint c
JOIN pg_class t1 ON c.conrelid = t1.oid
JOIN pg_class t2 ON c.confrelid = t2.oid
JOIN pg_attribute a1 ON a1.attnum = c.conkey[1] AND a1.attrelid = t1.oid
JOIN pg_attribute a2 ON a2.attnum = c.confkey[1] AND a2.attrelid = t2.oid
JOIN pg_namespace t3 ON c.connamespace = t3.oid
WHERE c.contype = 'f'
  AND t1.relname = 'meet_requests'
  AND t3.nspname = ANY (current_schemas(false))
ORDER BY c.conname
[0m
  [1m[35m (3.5ms)[0m  SELECT t2.oid::regclass::text AS to_table, a1.attname AS column, a2.attname AS primary_key, c.conname AS name, c.confupdtype AS on_update, c.confdeltype AS on_delete
FROM pg_constraint c
JOIN pg_class t1 ON c.conrelid = t1.oid
JOIN pg_class t2 ON c.confrelid = t2.oid
JOIN pg_attribute a1 ON a1.attnum = c.conkey[1] AND a1.attrelid = t1.oid
JOIN pg_attribute a2 ON a2.attnum = c.confkey[1] AND a2.attrelid = t2.oid
JOIN pg_namespace t3 ON c.connamespace = t3.oid
WHERE c.contype = 'f'
  AND t1.relname = 'profiles'
  AND t3.nspname = ANY (current_schemas(false))
ORDER BY c.conname

  [1m[36m (3.5ms)[0m  [1mSELECT t2.oid::regclass::text AS to_table, a1.attname AS column, a2.attname AS primary_key, c.conname AS name, c.confupdtype AS on_update, c.confdeltype AS on_delete
FROM pg_constraint c
JOIN pg_class t1 ON c.conrelid = t1.oid
JOIN pg_class t2 ON c.confrelid = t2.oid
JOIN pg_attribute a1 ON a1.attnum = c.conkey[1] AND a1.attrelid = t1.oid
JOIN pg_attribute a2 ON a2.attnum = c.confkey[1] AND a2.attrelid = t2.oid
JOIN pg_namespace t3 ON c.connamespace = t3.oid
WHERE c.contype = 'f'
  AND t1.relname = 'trips'
  AND t3.nspname = ANY (current_schemas(false))
ORDER BY c.conname
[0m
  [1m[35m (3.5ms)[0m  SELECT t2.oid::regclass::text AS to_table, a1.attname AS column, a2.attname AS primary_key, c.conname AS name, c.confupdtype AS on_update, c.confdeltype AS on_delete
FROM pg_constraint c
JOIN pg_class t1 ON c.conrelid = t1.oid
JOIN pg_class t2 ON c.confrelid = t2.oid
JOIN pg_attribute a1 ON a1.attnum = c.conkey[1] AND a1.attrelid = t1.oid
JOIN pg_attribute a2 ON a2.attnum = c.confkey[1] AND a2.attrelid = t2.oid
JOIN pg_namespace t3 ON c.connamespace = t3.oid
WHERE c.contype = 'f'
  AND t1.relname = 'users'
  AND t3.nspname = ANY (current_schemas(false))
ORDER BY c.conname

